<?xml version="1.0" encoding="UTF-8"?>
<!-- Generated by org.testng.reporters.JUnitReportReporter -->
<testsuite skipped="0" hostname="Admin-PC" name="SidProjects.MavenJavaData.mavenData" tests="1" failures="0" timestamp="2020-06-28T12:02:40 IST" time="0.013" errors="0">
  <testcase name="dataMav" time="0.013" classname="SidProjects.MavenJavaData.mavenData"/>
  <system-out/>
</testsuite> <!-- SidProjects.MavenJavaData.mavenData -->
