<?xml version="1.0" encoding="UTF-8"?>
<!-- Generated by org.testng.reporters.JUnitReportReporter -->
<testsuite skipped="0" hostname="Admin-PC" name="SidProjects.MavenJavaData.dataMaven" tests="1" failures="0" timestamp="2020-06-27T16:36:09 IST" time="0.002" errors="0">
  <testcase name="mavDat" time="0.002" classname="SidProjects.MavenJavaData.dataMaven"/>
  <system-out/>
</testsuite> <!-- SidProjects.MavenJavaData.dataMaven -->
