<?xml version="1.0" encoding="UTF-8"?>
<!-- Generated by org.testng.reporters.JUnitReportReporter -->
<testsuite skipped="0" hostname="Admin-PC" name="SidProjects.MavenJavaData.dataMaven" tests="1" failures="0" timestamp="2020-07-22T01:32:55 IST" time="0.000" errors="0">
  <testcase name="mavDat" time="0.000" classname="SidProjects.MavenJavaData.dataMaven"/>
  <system-out/>
</testsuite> <!-- SidProjects.MavenJavaData.dataMaven -->
