<?xml version="1.0" encoding="UTF-8"?>
<!-- Generated by org.testng.reporters.JUnitReportReporter -->
<testsuite skipped="0" hostname="Admin-PC" name="SidProjects.MavenJavaData.mavenData" tests="2" failures="0" timestamp="2020-07-22T01:32:55 IST" time="0.002" errors="0">
  <testcase name="dataMavenss" time="0.000" classname="SidProjects.MavenJavaData.mavenData"/>
  <system-out/>
  <testcase name="dataMav" time="0.002" classname="SidProjects.MavenJavaData.mavenData"/>
  <system-out/>
</testsuite> <!-- SidProjects.MavenJavaData.mavenData -->
